Maximum score = 1740000
hist_cnt_edge| 0 23558
hist_cnt_edge| 1 3210
hist_cnt_edge| 2 1545
hist_cnt_edge| 3 1024
hist_cnt_edge| 4 650
hist_cnt_edge| 5 497
hist_cnt_edge| 6 558
hist_cnt_edge| 7 434
hist_cnt_edge| 8 448
hist_cnt_edge| 9 345
hist_cnt_edge| 10 357
hist_cnt_edge| 11 309
hist_cnt_edge| 12 239
hist_cnt_edge| 13 199
hist_cnt_edge| 14 190
hist_cnt_edge| 15 191
hist_cnt_edge| 16 135
hist_cnt_edge| 17 125
hist_cnt_edge| 18 134
hist_cnt_edge| 19 104
hist_cnt_edge| 20 102
hist_cnt_edge| 21 81
hist_cnt_edge| 22 95
hist_cnt_edge| 23 76
hist_cnt_edge| 24 45
hist_cnt_edge| 25 63
hist_cnt_edge| 26 51
hist_cnt_edge| 27 34
hist_cnt_edge| 28 21
hist_cnt_edge| 29 15
hist_cnt_edge| 30 33
hist_cnt_edge| 31 14
hist_cnt_edge| 32 24
hist_cnt_edge| 33 22
hist_cnt_edge| 34 8
hist_cnt_edge| 35 10
hist_cnt_edge| 36 6
hist_cnt_edge| 37 12
hist_cnt_edge| 38 10
hist_cnt_edge| 39 6
hist_cnt_edge| 40 2
hist_cnt_edge| 41 2
hist_cnt_edge| 42 9
hist_cnt_edge| 43 6
hist_cnt_edge| 44 8
hist_cnt_edge| 45 1
hist_cnt_edge| 47 10
hist_cnt_edge| 49 1
hist_cnt_edge| 50 1
hist_cnt_edge| 51 1
hist_cnt_edge| 52 2
hist_cnt_edge| 53 1
hist_cnt_edge| 57 1
hist_cnt_edge| 58 1
hist_cnt_edge| 61 1
hist_cnt_edge| 65 2
hist_cnt_edge| 66 1

hist_deg_in| 1 1
hist_deg_in| 2 100
hist_deg_in| 3 4767
hist_deg_in| 4 5132

hist_deg_out| 1 1
hist_deg_out| 2 100
hist_deg_out| 3 4767
hist_deg_out| 4 5132

