Maximum score = 9071000
hist_cnt_edge| 0 12054
hist_cnt_edge| 1 25067
hist_cnt_edge| 2 25796
hist_cnt_edge| 3 17904
hist_cnt_edge| 4 9478
hist_cnt_edge| 5 3743
hist_cnt_edge| 6 1373
hist_cnt_edge| 7 377
hist_cnt_edge| 8 111
hist_cnt_edge| 9 15
hist_cnt_edge| 10 9
hist_cnt_edge| 12 1

hist_deg_in| 6 1989
hist_deg_in| 7 1311
hist_deg_in| 8 965
hist_deg_in| 9 680
hist_deg_in| 10 485
hist_deg_in| 11 393
hist_deg_in| 12 319
hist_deg_in| 13 242
hist_deg_in| 14 235
hist_deg_in| 15 169
hist_deg_in| 16 129
hist_deg_in| 17 105
hist_deg_in| 18 90
hist_deg_in| 19 84
hist_deg_in| 20 79
hist_deg_in| 21 71
hist_deg_in| 22 63
hist_deg_in| 23 43
hist_deg_in| 24 35
hist_deg_in| 25 40
hist_deg_in| 26 27
hist_deg_in| 27 26
hist_deg_in| 28 33
hist_deg_in| 29 26
hist_deg_in| 30 26
hist_deg_in| 31 23
hist_deg_in| 32 19
hist_deg_in| 33 16
hist_deg_in| 34 7
hist_deg_in| 35 9
hist_deg_in| 36 17
hist_deg_in| 37 15
hist_deg_in| 38 13
hist_deg_in| 39 12
hist_deg_in| 40 6
hist_deg_in| 41 5
hist_deg_in| 42 9
hist_deg_in| 43 5
hist_deg_in| 44 4
hist_deg_in| 45 10
hist_deg_in| 46 6
hist_deg_in| 47 8
hist_deg_in| 48 12
hist_deg_in| 49 5
hist_deg_in| 50 5
hist_deg_in| 51 3
hist_deg_in| 52 6
hist_deg_in| 53 2
hist_deg_in| 54 2
hist_deg_in| 55 3
hist_deg_in| 56 3
hist_deg_in| 57 2
hist_deg_in| 58 1
hist_deg_in| 59 6
hist_deg_in| 60 2
hist_deg_in| 61 4
hist_deg_in| 62 4
hist_deg_in| 65 2
hist_deg_in| 66 4
hist_deg_in| 67 1
hist_deg_in| 68 3
hist_deg_in| 69 2
hist_deg_in| 70 1
hist_deg_in| 71 1
hist_deg_in| 72 2
hist_deg_in| 73 1
hist_deg_in| 74 5
hist_deg_in| 76 2
hist_deg_in| 77 1
hist_deg_in| 78 1
hist_deg_in| 81 5
hist_deg_in| 83 1
hist_deg_in| 84 2
hist_deg_in| 88 3
hist_deg_in| 91 1
hist_deg_in| 93 1
hist_deg_in| 95 5
hist_deg_in| 97 2
hist_deg_in| 98 3
hist_deg_in| 99 2
hist_deg_in| 103 1
hist_deg_in| 104 1
hist_deg_in| 105 2
hist_deg_in| 109 1
hist_deg_in| 110 1
hist_deg_in| 111 1
hist_deg_in| 114 1
hist_deg_in| 117 2
hist_deg_in| 118 2
hist_deg_in| 129 1
hist_deg_in| 131 1
hist_deg_in| 132 1
hist_deg_in| 137 1
hist_deg_in| 138 3
hist_deg_in| 140 1
hist_deg_in| 141 1
hist_deg_in| 142 1
hist_deg_in| 145 1
hist_deg_in| 155 1
hist_deg_in| 159 2
hist_deg_in| 169 1
hist_deg_in| 179 2
hist_deg_in| 192 1
hist_deg_in| 198 1
hist_deg_in| 206 1
hist_deg_in| 220 1
hist_deg_in| 221 1
hist_deg_in| 233 1
hist_deg_in| 240 1
hist_deg_in| 290 1
hist_deg_in| 298 1
hist_deg_in| 327 1
hist_deg_in| 354 1

hist_deg_out| 6 1989
hist_deg_out| 7 1311
hist_deg_out| 8 965
hist_deg_out| 9 680
hist_deg_out| 10 485
hist_deg_out| 11 393
hist_deg_out| 12 319
hist_deg_out| 13 242
hist_deg_out| 14 235
hist_deg_out| 15 169
hist_deg_out| 16 129
hist_deg_out| 17 105
hist_deg_out| 18 90
hist_deg_out| 19 84
hist_deg_out| 20 79
hist_deg_out| 21 71
hist_deg_out| 22 63
hist_deg_out| 23 43
hist_deg_out| 24 35
hist_deg_out| 25 40
hist_deg_out| 26 27
hist_deg_out| 27 26
hist_deg_out| 28 33
hist_deg_out| 29 26
hist_deg_out| 30 26
hist_deg_out| 31 23
hist_deg_out| 32 19
hist_deg_out| 33 16
hist_deg_out| 34 7
hist_deg_out| 35 9
hist_deg_out| 36 17
hist_deg_out| 37 15
hist_deg_out| 38 13
hist_deg_out| 39 12
hist_deg_out| 40 6
hist_deg_out| 41 5
hist_deg_out| 42 9
hist_deg_out| 43 5
hist_deg_out| 44 4
hist_deg_out| 45 10
hist_deg_out| 46 6
hist_deg_out| 47 8
hist_deg_out| 48 12
hist_deg_out| 49 5
hist_deg_out| 50 5
hist_deg_out| 51 3
hist_deg_out| 52 6
hist_deg_out| 53 2
hist_deg_out| 54 2
hist_deg_out| 55 3
hist_deg_out| 56 3
hist_deg_out| 57 2
hist_deg_out| 58 1
hist_deg_out| 59 6
hist_deg_out| 60 2
hist_deg_out| 61 4
hist_deg_out| 62 4
hist_deg_out| 65 2
hist_deg_out| 66 4
hist_deg_out| 67 1
hist_deg_out| 68 3
hist_deg_out| 69 2
hist_deg_out| 70 1
hist_deg_out| 71 1
hist_deg_out| 72 2
hist_deg_out| 73 1
hist_deg_out| 74 5
hist_deg_out| 76 2
hist_deg_out| 77 1
hist_deg_out| 78 1
hist_deg_out| 81 5
hist_deg_out| 83 1
hist_deg_out| 84 2
hist_deg_out| 88 3
hist_deg_out| 91 1
hist_deg_out| 93 1
hist_deg_out| 95 5
hist_deg_out| 97 2
hist_deg_out| 98 3
hist_deg_out| 99 2
hist_deg_out| 103 1
hist_deg_out| 104 1
hist_deg_out| 105 2
hist_deg_out| 109 1
hist_deg_out| 110 1
hist_deg_out| 111 1
hist_deg_out| 114 1
hist_deg_out| 117 2
hist_deg_out| 118 2
hist_deg_out| 129 1
hist_deg_out| 131 1
hist_deg_out| 132 1
hist_deg_out| 137 1
hist_deg_out| 138 3
hist_deg_out| 140 1
hist_deg_out| 141 1
hist_deg_out| 142 1
hist_deg_out| 145 1
hist_deg_out| 155 1
hist_deg_out| 159 2
hist_deg_out| 169 1
hist_deg_out| 179 2
hist_deg_out| 192 1
hist_deg_out| 198 1
hist_deg_out| 206 1
hist_deg_out| 220 1
hist_deg_out| 221 1
hist_deg_out| 233 1
hist_deg_out| 240 1
hist_deg_out| 290 1
hist_deg_out| 298 1
hist_deg_out| 327 1
hist_deg_out| 354 1

