Maximum score = 2492000
hist_cnt_edge| 0 4667
hist_cnt_edge| 1 1004
hist_cnt_edge| 2 650
hist_cnt_edge| 3 417
hist_cnt_edge| 4 332
hist_cnt_edge| 5 257
hist_cnt_edge| 6 198
hist_cnt_edge| 7 175
hist_cnt_edge| 8 128
hist_cnt_edge| 9 127
hist_cnt_edge| 10 102
hist_cnt_edge| 11 79
hist_cnt_edge| 12 81
hist_cnt_edge| 13 74
hist_cnt_edge| 14 77
hist_cnt_edge| 15 64
hist_cnt_edge| 16 72
hist_cnt_edge| 17 46
hist_cnt_edge| 18 43
hist_cnt_edge| 19 63
hist_cnt_edge| 20 56
hist_cnt_edge| 21 36
hist_cnt_edge| 22 48
hist_cnt_edge| 23 33
hist_cnt_edge| 24 37
hist_cnt_edge| 25 31
hist_cnt_edge| 26 30
hist_cnt_edge| 27 23
hist_cnt_edge| 28 24
hist_cnt_edge| 29 25
hist_cnt_edge| 30 20
hist_cnt_edge| 31 34
hist_cnt_edge| 32 17
hist_cnt_edge| 33 18
hist_cnt_edge| 34 23
hist_cnt_edge| 35 15
hist_cnt_edge| 36 21
hist_cnt_edge| 37 20
hist_cnt_edge| 38 21
hist_cnt_edge| 39 15
hist_cnt_edge| 40 13
hist_cnt_edge| 41 14
hist_cnt_edge| 42 18
hist_cnt_edge| 43 17
hist_cnt_edge| 44 11
hist_cnt_edge| 45 19
hist_cnt_edge| 46 13
hist_cnt_edge| 47 11
hist_cnt_edge| 48 13
hist_cnt_edge| 49 14
hist_cnt_edge| 50 10
hist_cnt_edge| 51 13
hist_cnt_edge| 52 10
hist_cnt_edge| 53 7
hist_cnt_edge| 54 13
hist_cnt_edge| 55 15
hist_cnt_edge| 56 7
hist_cnt_edge| 57 10
hist_cnt_edge| 58 11
hist_cnt_edge| 59 9
hist_cnt_edge| 60 7
hist_cnt_edge| 61 10
hist_cnt_edge| 62 9
hist_cnt_edge| 63 9
hist_cnt_edge| 64 7
hist_cnt_edge| 65 8
hist_cnt_edge| 66 6
hist_cnt_edge| 67 7
hist_cnt_edge| 68 3
hist_cnt_edge| 69 4
hist_cnt_edge| 70 5
hist_cnt_edge| 71 6
hist_cnt_edge| 72 2
hist_cnt_edge| 73 5
hist_cnt_edge| 74 2
hist_cnt_edge| 75 5
hist_cnt_edge| 76 5
hist_cnt_edge| 77 2
hist_cnt_edge| 78 8
hist_cnt_edge| 79 4
hist_cnt_edge| 80 2
hist_cnt_edge| 81 6
hist_cnt_edge| 82 7
hist_cnt_edge| 83 6
hist_cnt_edge| 84 4
hist_cnt_edge| 85 3
hist_cnt_edge| 86 4
hist_cnt_edge| 87 2
hist_cnt_edge| 88 8
hist_cnt_edge| 89 2
hist_cnt_edge| 90 2
hist_cnt_edge| 91 5
hist_cnt_edge| 92 6
hist_cnt_edge| 93 2
hist_cnt_edge| 94 5
hist_cnt_edge| 95 4
hist_cnt_edge| 96 2
hist_cnt_edge| 97 4
hist_cnt_edge| 98 4
hist_cnt_edge| 99 3
hist_cnt_edge| 100 4
hist_cnt_edge| 101 2
hist_cnt_edge| 102 6
hist_cnt_edge| 103 4
hist_cnt_edge| 104 1
hist_cnt_edge| 105 4
hist_cnt_edge| 106 7
hist_cnt_edge| 107 4
hist_cnt_edge| 108 3
hist_cnt_edge| 109 3
hist_cnt_edge| 110 3
hist_cnt_edge| 111 3
hist_cnt_edge| 112 5
hist_cnt_edge| 113 2
hist_cnt_edge| 114 1
hist_cnt_edge| 115 4
hist_cnt_edge| 116 1
hist_cnt_edge| 117 1
hist_cnt_edge| 118 2
hist_cnt_edge| 119 3
hist_cnt_edge| 120 4
hist_cnt_edge| 121 2
hist_cnt_edge| 122 1
hist_cnt_edge| 123 3
hist_cnt_edge| 125 1
hist_cnt_edge| 127 3
hist_cnt_edge| 128 7
hist_cnt_edge| 129 1
hist_cnt_edge| 130 1
hist_cnt_edge| 131 2
hist_cnt_edge| 133 1
hist_cnt_edge| 134 5
hist_cnt_edge| 135 2
hist_cnt_edge| 136 2
hist_cnt_edge| 137 1
hist_cnt_edge| 138 3
hist_cnt_edge| 140 4
hist_cnt_edge| 141 2
hist_cnt_edge| 143 2
hist_cnt_edge| 144 4
hist_cnt_edge| 147 2
hist_cnt_edge| 148 2
hist_cnt_edge| 149 2
hist_cnt_edge| 150 1
hist_cnt_edge| 151 1
hist_cnt_edge| 152 2
hist_cnt_edge| 155 2
hist_cnt_edge| 156 1
hist_cnt_edge| 159 2
hist_cnt_edge| 161 3
hist_cnt_edge| 165 2
hist_cnt_edge| 166 4
hist_cnt_edge| 167 1
hist_cnt_edge| 168 3
hist_cnt_edge| 169 1
hist_cnt_edge| 170 1
hist_cnt_edge| 171 2
hist_cnt_edge| 172 3
hist_cnt_edge| 173 3
hist_cnt_edge| 174 3
hist_cnt_edge| 175 2
hist_cnt_edge| 176 4
hist_cnt_edge| 178 3
hist_cnt_edge| 179 3
hist_cnt_edge| 180 5
hist_cnt_edge| 181 2
hist_cnt_edge| 182 1
hist_cnt_edge| 184 1
hist_cnt_edge| 185 1
hist_cnt_edge| 186 1
hist_cnt_edge| 187 1
hist_cnt_edge| 188 1
hist_cnt_edge| 189 1
hist_cnt_edge| 190 1
hist_cnt_edge| 192 2
hist_cnt_edge| 193 2
hist_cnt_edge| 194 1
hist_cnt_edge| 195 1
hist_cnt_edge| 196 1
hist_cnt_edge| 197 2
hist_cnt_edge| 198 2
hist_cnt_edge| 199 2
hist_cnt_edge| 201 1
hist_cnt_edge| 203 5
hist_cnt_edge| 204 1
hist_cnt_edge| 206 2
hist_cnt_edge| 207 2
hist_cnt_edge| 208 1
hist_cnt_edge| 209 1
hist_cnt_edge| 210 1
hist_cnt_edge| 211 2
hist_cnt_edge| 213 2
hist_cnt_edge| 215 1
hist_cnt_edge| 216 4
hist_cnt_edge| 217 1
hist_cnt_edge| 218 1
hist_cnt_edge| 220 2
hist_cnt_edge| 221 2
hist_cnt_edge| 224 4
hist_cnt_edge| 226 1
hist_cnt_edge| 228 2
hist_cnt_edge| 230 1
hist_cnt_edge| 231 1
hist_cnt_edge| 232 2
hist_cnt_edge| 233 1
hist_cnt_edge| 234 1
hist_cnt_edge| 235 1
hist_cnt_edge| 236 2
hist_cnt_edge| 237 1
hist_cnt_edge| 238 1
hist_cnt_edge| 239 1
hist_cnt_edge| 241 2
hist_cnt_edge| 242 2
hist_cnt_edge| 243 1
hist_cnt_edge| 245 2
hist_cnt_edge| 246 1
hist_cnt_edge| 248 1
hist_cnt_edge| 250 2
hist_cnt_edge| 251 2
hist_cnt_edge| 252 1
hist_cnt_edge| 253 1
hist_cnt_edge| 255 2
hist_cnt_edge| 256 2
hist_cnt_edge| 258 1
hist_cnt_edge| 259 2
hist_cnt_edge| 260 1
hist_cnt_edge| 263 1
hist_cnt_edge| 264 2
hist_cnt_edge| 266 1
hist_cnt_edge| 267 2
hist_cnt_edge| 269 1
hist_cnt_edge| 270 2
hist_cnt_edge| 274 2
hist_cnt_edge| 275 2
hist_cnt_edge| 276 2
hist_cnt_edge| 277 1
hist_cnt_edge| 279 1
hist_cnt_edge| 280 1
hist_cnt_edge| 285 2
hist_cnt_edge| 287 1
hist_cnt_edge| 288 1
hist_cnt_edge| 289 3
hist_cnt_edge| 291 1
hist_cnt_edge| 292 1
hist_cnt_edge| 293 1
hist_cnt_edge| 294 2
hist_cnt_edge| 297 1
hist_cnt_edge| 298 1
hist_cnt_edge| 299 2
hist_cnt_edge| 300 1
hist_cnt_edge| 301 2
hist_cnt_edge| 302 2
hist_cnt_edge| 304 1
hist_cnt_edge| 306 3
hist_cnt_edge| 311 1
hist_cnt_edge| 313 1
hist_cnt_edge| 315 1
hist_cnt_edge| 316 2
hist_cnt_edge| 317 1
hist_cnt_edge| 318 2
hist_cnt_edge| 319 3
hist_cnt_edge| 321 1
hist_cnt_edge| 322 2
hist_cnt_edge| 324 1
hist_cnt_edge| 327 1
hist_cnt_edge| 331 1
hist_cnt_edge| 332 3
hist_cnt_edge| 333 1
hist_cnt_edge| 338 1
hist_cnt_edge| 339 1
hist_cnt_edge| 346 1
hist_cnt_edge| 356 1
hist_cnt_edge| 357 1
hist_cnt_edge| 359 2
hist_cnt_edge| 360 1
hist_cnt_edge| 367 1
hist_cnt_edge| 373 1
hist_cnt_edge| 377 1
hist_cnt_edge| 380 1
hist_cnt_edge| 387 1
hist_cnt_edge| 393 1
hist_cnt_edge| 418 1
hist_cnt_edge| 437 1
hist_cnt_edge| 453 1
hist_cnt_edge| 455 1
hist_cnt_edge| 465 1
hist_cnt_edge| 469 1
hist_cnt_edge| 517 1
hist_cnt_edge| 530 1
hist_cnt_edge| 539 1
hist_cnt_edge| 540 1

hist_deg_in| 1 267
hist_deg_in| 2 237
hist_deg_in| 3 194
hist_deg_in| 4 170
hist_deg_in| 5 142
hist_deg_in| 6 101
hist_deg_in| 7 93
hist_deg_in| 8 70
hist_deg_in| 9 60
hist_deg_in| 10 51
hist_deg_in| 11 42
hist_deg_in| 12 43
hist_deg_in| 13 32
hist_deg_in| 14 17
hist_deg_in| 15 24
hist_deg_in| 16 18
hist_deg_in| 17 21
hist_deg_in| 18 11
hist_deg_in| 19 13
hist_deg_in| 20 13
hist_deg_in| 21 4
hist_deg_in| 22 4
hist_deg_in| 23 8
hist_deg_in| 24 7
hist_deg_in| 25 6
hist_deg_in| 26 2
hist_deg_in| 27 3
hist_deg_in| 28 1
hist_deg_in| 29 3
hist_deg_in| 30 3
hist_deg_in| 31 1
hist_deg_in| 35 1

hist_deg_out| 1 260
hist_deg_out| 2 239
hist_deg_out| 3 178
hist_deg_out| 4 170
hist_deg_out| 5 160
hist_deg_out| 6 110
hist_deg_out| 7 86
hist_deg_out| 8 72
hist_deg_out| 9 63
hist_deg_out| 10 59
hist_deg_out| 11 39
hist_deg_out| 12 28
hist_deg_out| 13 31
hist_deg_out| 14 33
hist_deg_out| 15 22
hist_deg_out| 16 19
hist_deg_out| 17 19
hist_deg_out| 18 12
hist_deg_out| 19 9
hist_deg_out| 20 10
hist_deg_out| 21 9
hist_deg_out| 22 4
hist_deg_out| 23 8
hist_deg_out| 24 6
hist_deg_out| 25 2
hist_deg_out| 26 2
hist_deg_out| 27 3
hist_deg_out| 28 2
hist_deg_out| 29 1
hist_deg_out| 30 1
hist_deg_out| 32 1
hist_deg_out| 34 1
hist_deg_out| 35 1
hist_deg_out| 36 1
hist_deg_out| 39 1

